#
# There is insufficient memory for the Java Runtime Environment to continue.
# Native memory allocation (mmap) failed to map 266338304 bytes for Failed to commit area from 0x0000000702000000 to 0x0000000711e00000 of length 266338304.
# Possible reasons:
#   The system is out of physical RAM or swap space
#   The process is running with CompressedOops enabled, and the Java Heap may be blocking the growth of the native heap
# Possible solutions:
#   Reduce memory load on the system
#   Increase physical memory or swap space
#   Check if swap backing store is full
#   Decrease Java heap size (-Xmx/-Xms)
#   Decrease number of Java threads
#   Decrease Java thread stack sizes (-Xss)
#   Set larger code cache with -XX:ReservedCodeCacheSize=
# This output file may be truncated or incomplete.
#
#  Out of Memory Error (./open/src/hotspot/os/windows/os_windows.cpp:3283), pid=22308, tid=21872
#
# JRE version:  (11.0.17+10) (build )
# Java VM: Java HotSpot(TM) 64-Bit Server VM (11.0.17+10-LTS-269, mixed mode, sharing, tiered, compressed oops, g1 gc, windows-amd64)
# No core dump will be written. Minidumps are not enabled by default on client versions of Windows
#

---------------  S U M M A R Y ------------

Command Line: -javaagent:C:\Program Files\JetBrains\IntelliJ IDEA Community Edition 2023.1.1\lib\idea_rt.jar=50900:C:\Program Files\JetBrains\IntelliJ IDEA Community Edition 2023.1.1\bin -Dfile.encoding=UTF-8 org.example.Main

Host: Intel(R) Core(TM) i7-8565U CPU @ 1.80GHz, 8 cores, 15G,  Windows 10 , 64 bit Build 19041 (10.0.19041.2788)
Time: Mon May  8 20:45:18 2023 Hora est. Pacífico, Sudamérica elapsed time: 0.023310 seconds (0d 0h 0m 0s)

---------------  T H R E A D  ---------------

Current thread (0x000001dcf8fdc000):  JavaThread "Unknown thread" [_thread_in_vm, id=21872, stack(0x000000b6a7400000,0x000000b6a7500000)]

Stack: [0x000000b6a7400000,0x000000b6a7500000]
Native frames: (J=compiled Java code, j=interpreted, Vv=VM code, C=native code)
V  [jvm.dll+0x62b5da]
V  [jvm.dll+0x7653df]
V  [jvm.dll+0x766a89]
V  [jvm.dll+0x767113]
V  [jvm.dll+0x23dd28]
V  [jvm.dll+0x62896a]
V  [jvm.dll+0x61d625]
V  [jvm.dll+0x2f2d3c]
V  [jvm.dll+0x2f2bc2]
V  [jvm.dll+0x2f78e6]
V  [jvm.dll+0x33a2df]
V  [jvm.dll+0x339d10]
V  [jvm.dll+0x2d0368]
V  [jvm.dll+0x2d14d6]
V  [jvm.dll+0x73f9a7]
V  [jvm.dll+0x74123f]
V  [jvm.dll+0x347039]
V  [jvm.dll+0x725280]
V  [jvm.dll+0x3b5c1f]
V  [jvm.dll+0x3b7d31]
C  [jli.dll+0x5207]
C  [ucrtbase.dll+0x21bb2]
C  [KERNEL32.DLL+0x17604]
C  [ntdll.dll+0x526a1]


---------------  P R O C E S S  ---------------

Threads class SMR info:
_java_thread_list=0x000001dcf6d449c0, length=0, elements={
}

Java Threads: ( => current thread )

Other Threads:
  0x000001dcf8ff0000 GCTaskThread "GC Thread#0" [stack: 0x000000b6a7500000,0x000000b6a7600000] [id=12088]
  0x000001dcf904b800 ConcurrentGCThread "G1 Main Marker" [stack: 0x000000b6a7600000,0x000000b6a7700000] [id=8900]
  0x000001dcf904d000 ConcurrentGCThread "G1 Conc#0" [stack: 0x000000b6a7700000,0x000000b6a7800000] [id=11656]

[error occurred during error reporting (printing all threads), id 0xc0000005, EXCEPTION_ACCESS_VIOLATION (0xc0000005) at pc=0x00007ffac16df5f7]

VM state:not at safepoint (not fully initialized)

VM Mutex/Monitor currently owned by a thread:  ([mutex/lock_event])
[0x000001dcf8fd8270] Heap_lock - owner thread: 0x000001dcf8fdc000

Heap address: 0x0000000702000000, size: 4064 MB, Compressed Oops mode: Non-zero based: 0x0000000702000000
Narrow klass base: 0x0000000000000000, Narrow klass shift: 0

GC Heap History (0 events):
No events

Deoptimization events (0 events):
No events

Classes redefined (0 events):
No events

Internal exceptions (0 events):
No events

Events (0 events):
No events


Dynamic libraries:
0x00007ff690d30000 - 0x00007ff690d3f000 	C:\Program Files\Java\jdk-11.0.17\bin\java.exe
0x00007ffb815b0000 - 0x00007ffb817a8000 	C:\Windows\SYSTEM32\ntdll.dll
0x00007ffb80a60000 - 0x00007ffb80b1f000 	C:\Windows\System32\KERNEL32.DLL
0x00007ffb7f330000 - 0x00007ffb7f60a000 	C:\Windows\System32\KERNELBASE.dll
0x00007ffb7ecc0000 - 0x00007ffb7edc0000 	C:\Windows\System32\ucrtbase.dll
0x00007ffafc130000 - 0x00007ffafc145000 	C:\Program Files\Java\jdk-11.0.17\bin\VCRUNTIME140.dll
0x00007ffb0a0f0000 - 0x00007ffb0a108000 	C:\Program Files\Java\jdk-11.0.17\bin\jli.dll
0x00007ffb80b50000 - 0x00007ffb80bfe000 	C:\Windows\System32\ADVAPI32.dll
0x00007ffb800d0000 - 0x00007ffb8016e000 	C:\Windows\System32\msvcrt.dll
0x00007ffb7f730000 - 0x00007ffb7f7cc000 	C:\Windows\System32\sechost.dll
0x00007ffb80310000 - 0x00007ffb80436000 	C:\Windows\System32\RPCRT4.dll
0x00007ffb80170000 - 0x00007ffb8030d000 	C:\Windows\System32\USER32.dll
0x00007ffb7f260000 - 0x00007ffb7f282000 	C:\Windows\System32\win32u.dll
0x00007ffb800a0000 - 0x00007ffb800cb000 	C:\Windows\System32\GDI32.dll
0x00007ffb7edc0000 - 0x00007ffb7eed0000 	C:\Windows\System32\gdi32full.dll
0x00007ffb7f290000 - 0x00007ffb7f32d000 	C:\Windows\System32\msvcp_win.dll
0x00007ffb65040000 - 0x00007ffb652da000 	C:\Windows\WinSxS\amd64_microsoft.windows.common-controls_6595b64144ccf1df_6.0.19041.1110_none_60b5254171f9507e\COMCTL32.dll
0x00007ffb774b0000 - 0x00007ffb774ba000 	C:\Windows\SYSTEM32\VERSION.dll
0x00007ffb7f610000 - 0x00007ffb7f640000 	C:\Windows\System32\IMM32.DLL
0x00007ffad31f0000 - 0x00007ffad328b000 	C:\Program Files\Java\jdk-11.0.17\bin\msvcp140.dll
0x00007ffac1400000 - 0x00007ffac1f1a000 	C:\Program Files\Java\jdk-11.0.17\bin\server\jvm.dll
0x00007ffb7fc40000 - 0x00007ffb7fc48000 	C:\Windows\System32\PSAPI.DLL
0x00007ffb7a090000 - 0x00007ffb7a099000 	C:\Windows\SYSTEM32\WSOCK32.dll
0x00007ffb66650000 - 0x00007ffb66677000 	C:\Windows\SYSTEM32\WINMM.dll
0x00007ffb81480000 - 0x00007ffb814eb000 	C:\Windows\System32\WS2_32.dll
0x00007ffb7d510000 - 0x00007ffb7d522000 	C:\Windows\SYSTEM32\kernel.appcore.dll
0x00007ffb4dc10000 - 0x00007ffb4dc20000 	C:\Program Files\Java\jdk-11.0.17\bin\verify.dll
0x00007ffb7d230000 - 0x00007ffb7d414000 	C:\Windows\SYSTEM32\DBGHELP.DLL
0x00007ffb59150000 - 0x00007ffb59184000 	C:\Windows\SYSTEM32\dbgcore.DLL
0x00007ffb7eed0000 - 0x00007ffb7ef52000 	C:\Windows\System32\bcryptPrimitives.dll
0x00007ffafc100000 - 0x00007ffafc128000 	C:\Program Files\Java\jdk-11.0.17\bin\java.dll
0x00007ffb20cc0000 - 0x00007ffb20cca000 	C:\Program Files\Java\jdk-11.0.17\bin\jimage.dll
0x00007ffb7a240000 - 0x00007ffb7a24e000 	C:\Program Files\Java\jdk-11.0.17\bin\instrument.dll
0x00007ffafc0e0000 - 0x00007ffafc0f6000 	C:\Program Files\Java\jdk-11.0.17\bin\zip.dll

dbghelp: loaded successfully - version: 4.0.5 - missing functions: none
symbol engine: initialized successfully - sym options: 0x614 - pdb path: .;C:\Program Files\Java\jdk-11.0.17\bin;C:\Windows\SYSTEM32;C:\Windows\WinSxS\amd64_microsoft.windows.common-controls_6595b64144ccf1df_6.0.19041.1110_none_60b5254171f9507e;C:\Program Files\Java\jdk-11.0.17\bin\server

VM Arguments:
jvm_args: -javaagent:C:\Program Files\JetBrains\IntelliJ IDEA Community Edition 2023.1.1\lib\idea_rt.jar=50900:C:\Program Files\JetBrains\IntelliJ IDEA Community Edition 2023.1.1\bin -Dfile.encoding=UTF-8 
java_command: org.example.Main
java_class_path (initial): D:\Selenium\Proyectos\Test-MJ\target\classes;C:\Users\David\.m2\repository\org\seleniumhq\selenium\selenium-java\3.141.59\selenium-java-3.141.59.jar;C:\Users\David\.m2\repository\org\seleniumhq\selenium\selenium-api\3.141.59\selenium-api-3.141.59.jar;C:\Users\David\.m2\repository\org\seleniumhq\selenium\selenium-chrome-driver\3.141.59\selenium-chrome-driver-3.141.59.jar;C:\Users\David\.m2\repository\org\seleniumhq\selenium\selenium-edge-driver\3.141.59\selenium-edge-driver-3.141.59.jar;C:\Users\David\.m2\repository\org\seleniumhq\selenium\selenium-firefox-driver\3.141.59\selenium-firefox-driver-3.141.59.jar;C:\Users\David\.m2\repository\org\seleniumhq\selenium\selenium-ie-driver\3.141.59\selenium-ie-driver-3.141.59.jar;C:\Users\David\.m2\repository\org\seleniumhq\selenium\selenium-opera-driver\3.141.59\selenium-opera-driver-3.141.59.jar;C:\Users\David\.m2\repository\org\seleniumhq\selenium\selenium-remote-driver\3.141.59\selenium-remote-driver-3.141.59.jar;C:\Users\David\.m2\repository\org\seleniumhq\selenium\selenium-safari-driver\3.141.59\selenium-safari-driver-3.141.59.jar;C:\Users\David\.m2\repository\org\seleniumhq\selenium\selenium-support\3.141.59\selenium-support-3.141.59.jar;C:\Users\David\.m2\repository\net\bytebuddy\byte-buddy\1.8.15\byte-buddy-1.8.15.jar;C:\Users\David\.m2\repository\org\apache\commons\commons-exec\1.3\commons-exec-1.3.jar;C:\Users\David\.m2\repository\com\google\guava\guava\25.0-jre\guava-25.0-jre.jar;C:\Users\David\.m2\repository\com\google\code\findbugs\jsr305\1.3.9\jsr305-1.3.9.jar;C:\Users\David\.m2\repository\org\checkerframework\checker-compat-qual\2.0.0\checker-compat-qual-2.0.0.jar;C:\Users\David\.m2\repository\com\google\errorprone\error_prone_annotations\2.1.3\error_prone_annotations-2.1.3.jar;C:\Users\David\.m2\repository\com\google\j2objc\j2objc-annotations\1.1\j2objc-annotations-1.1.jar;C:\Users\David\.m2\repository\org\codehaus\mojo\animal-sniffer-annotations\1.14\animal-sniffer-annotations-1.1
Launcher Type: SUN_STANDARD

[Global flags]
     intx CICompilerCount                          = 4                                         {product} {ergonomic}
     uint ConcGCThreads                            = 2                                         {product} {ergonomic}
     uint G1ConcRefinementThreads                  = 8                                         {product} {ergonomic}
   size_t G1HeapRegionSize                         = 1048576                                   {product} {ergonomic}
    uintx GCDrainStackTargetSize                   = 64                                        {product} {ergonomic}
   size_t InitialHeapSize                          = 266338304                                 {product} {ergonomic}
   size_t MarkStackSize                            = 4194304                                   {product} {ergonomic}
   size_t MaxHeapSize                              = 4261412864                                {product} {ergonomic}
   size_t MinHeapDeltaBytes                        = 1048576                                   {product} {ergonomic}
    uintx NonNMethodCodeHeapSize                   = 5836300                                {pd product} {ergonomic}
    uintx NonProfiledCodeHeapSize                  = 122910970                              {pd product} {ergonomic}
    uintx ProfiledCodeHeapSize                     = 122910970                              {pd product} {ergonomic}
    uintx ReservedCodeCacheSize                    = 251658240                              {pd product} {ergonomic}
     bool SegmentedCodeCache                       = true                                      {product} {ergonomic}
     bool UseCompressedClassPointers               = true                                 {lp64_product} {ergonomic}
     bool UseCompressedOops                        = true                                 {lp64_product} {ergonomic}
     bool UseG1GC                                  = true                                      {product} {ergonomic}
     bool UseLargePagesIndividualAllocation        = false                                  {pd product} {ergonomic}

Logging:
Log output configuration:
 #0: stdout all=warning uptime,level,tags
 #1: stderr all=off uptime,level,tags

Environment Variables:
JAVA_HOME=C:\Program Files\Java\jdk-11.0.17
PATH=C:\Program Files\Common Files\Oracle\Java\javapath;C:\Program Files (x86)\Common Files\Oracle\Java\javapath;C:\Windows\system32;C:\Windows;C:\Windows\System32\Wbem;C:\Windows\System32\WindowsPowerShell\v1.0\;C:\Windows\System32\OpenSSH\;C:\Program Files\Microsoft SQL Server\130\Tools\Binn\;C:\Program Files\Microsoft SQL Server\Client SDK\ODBC\170\Tools\Binn\;C:\Program Files (x86)\Microsoft SQL Server\150\DTS\Binn\;C:\Program Files\Azure Data Studio\bin;C:\Program Files\Git\cmd;C:\Program Files\Microsoft SQL Server\Client SDK\ODBC\110\Tools\Binn\;C:\Program Files (x86)\Microsoft SQL Server\120\Tools\Binn\;C:\Program Files\Microsoft SQL Server\120\Tools\Binn\;C:\Program Files\Microsoft SQL Server\120\DTS\Binn\;C:\Program Files\nodejs\;C:\Program Files\dotnet\;C:\Program Files\Microsoft SQL Server\150\Tools\Binn\;C:\Program Files (x86)\dotnet\;D:\Sonar\sonar-scanner-4.7.0.2747-windows\bin;C:\Program Files\Java\jdk-11.0.17;C:\Maven\apache-maven-3.9.1\bin;C:\Users\David\AppData\Local\Microsoft\WindowsApps;C:\Program Files\Azure Data Studio\bin;C:\Program Files\heroku\bin;C:\Users\David\AppData\Local\Programs\Microsoft VS Code\bin;C:\Users\David\AppData\Roaming\npm;C:\Users\David\AppData\Local\GitHubDesktop\bin;C:\Users\David\.dotnet\tools;
USERNAME=David
OS=Windows_NT
PROCESSOR_IDENTIFIER=Intel64 Family 6 Model 142 Stepping 11, GenuineIntel



---------------  S Y S T E M  ---------------

OS: Windows 10 , 64 bit Build 19041 (10.0.19041.2788)

CPU:total 8 (initial active 8) (4 cores per cpu, 2 threads per core) family 6 model 142 stepping 11 microcode 0xec, cmov, cx8, fxsr, mmx, sse, sse2, sse3, ssse3, sse4.1, sse4.2, popcnt, avx, avx2, aes, clmul, erms, 3dnowpref, lzcnt, ht, tsc, tscinvbit, bmi1, bmi2, adx, fma

Memory: 4k page, system-wide physical 16255M (3727M free)
TotalPageFile size 22098M (AvailPageFile size 202M)
current process WorkingSet (physical memory assigned to process): 10M, peak: 10M
current process commit charge ("private bytes"): 60M, peak: 314M

vm_info: Java HotSpot(TM) 64-Bit Server VM (11.0.17+10-LTS-269) for windows-amd64 JRE (11.0.17+10-LTS-269), built on Sep 13 2022 19:26:37 by "mach5one" with MS VC++ 15.9 (VS2017)

END.
